<?xml version="1.0" encoding="UTF-8"?>
<!-- Generated by org.testng.reporters.JUnitReportReporter -->
<testsuite hostname="DESKTOP-696G7VD" failures="0" tests="1" name="testCases.TC_002_LoginTest" time="1.603" errors="0" timestamp="2024-04-11T09:03:44 IST" skipped="0">
  <testcase classname="testCases.TC_002_LoginTest" name="test_Login" time="1.603"/>
</testsuite> <!-- testCases.TC_002_LoginTest -->
