<?xml version="1.0" encoding="UTF-8"?>
<!-- Generated by org.testng.reporters.JUnitReportReporter -->
<testsuite hostname="DESKTOP-696G7VD" failures="0" tests="1" name="testCases.TC_001_AccountRegistrationTest" time="4.846" errors="0" timestamp="2024-01-13T15:19:08 IST" skipped="0">
  <testcase classname="testCases.TC_001_AccountRegistrationTest" name="test_account_Registration" time="4.846"/>
</testsuite> <!-- testCases.TC_001_AccountRegistrationTest -->
