<?xml version="1.0" encoding="UTF-8"?>
<!-- Generated by org.testng.reporters.JUnitReportReporter -->
<testsuite hostname="DESKTOP-696G7VD" failures="0" tests="1" name="testCases.TC_004_SearchProductTest" time="3.263" errors="0" timestamp="2024-09-08T17:59:02 IST" skipped="0">
  <testcase classname="testCases.TC_004_SearchProductTest" name="test_pruductSearch" time="3.263"/>
</testsuite> <!-- testCases.TC_004_SearchProductTest -->
