<?xml version="1.0" encoding="UTF-8"?>
<!-- Generated by org.testng.reporters.JUnitReportReporter -->
<testsuite hostname="DESKTOP-696G7VD" failures="0" tests="2" name="testCases.TC_004_Search" time="0.325" errors="0" timestamp="2024-04-14T19:22:38 IST" skipped="0">
  <testcase classname="testCases.TC_004_Search" name="test1" time="0.198"/>
  <testcase classname="testCases.TC_004_Search" name="test2" time="0.127"/>
</testsuite> <!-- testCases.TC_004_Search -->
