<?xml version="1.0" encoding="UTF-8"?>
<!-- Generated by org.testng.reporters.JUnitReportReporter -->
<testsuite hostname="DESKTOP-696G7VD" failures="0" tests="1" name="testCases.TC_001_AccountRegistrationTest" time="5.045" errors="0" timestamp="2024-08-24T17:27:33 IST" skipped="0">
  <testcase classname="testCases.TC_001_AccountRegistrationTest" name="test_account_Registration" time="5.045"/>
</testsuite> <!-- testCases.TC_001_AccountRegistrationTest -->
