<?xml version="1.0" encoding="UTF-8"?>
<!-- Generated by org.testng.reporters.JUnitReportReporter -->
<testsuite hostname="DESKTOP-696G7VD" failures="0" tests="1" name="testCases.TC_005_AddToCartPageTest" time="2.287" errors="0" timestamp="2024-04-14T20:36:03 IST" skipped="0">
  <testcase classname="testCases.TC_005_AddToCartPageTest" name="test_addToCart" time="2.287"/>
</testsuite> <!-- testCases.TC_005_AddToCartPageTest -->
