<?xml version="1.0" encoding="UTF-8"?>
<!-- Generated by org.testng.reporters.JUnitReportReporter -->
<testsuite hostname="DESKTOP-696G7VD" failures="0" tests="1" name="testCases.TC_006_EndToEndTest" time="85.577" errors="0" timestamp="2024-01-13T15:50:52 IST" skipped="0">
  <testcase classname="testCases.TC_006_EndToEndTest" name="endToendTest" time="85.577"/>
</testsuite> <!-- testCases.TC_006_EndToEndTest -->
