<?xml version="1.0" encoding="UTF-8"?>
<!-- Generated by org.testng.reporters.JUnitReportReporter -->
<testsuite hostname="DESKTOP-696G7VD" failures="0" tests="1" name="testCases.TC_006_EndToEndTest" time="46.498" errors="0" timestamp="2024-09-08T21:23:45 IST" skipped="0">
  <testcase classname="testCases.TC_006_EndToEndTest" name="endToendTest" time="46.498"/>
</testsuite> <!-- testCases.TC_006_EndToEndTest -->
