<?xml version="1.0" encoding="UTF-8"?>
<!-- Generated by org.testng.reporters.JUnitReportReporter -->
<testsuite hostname="DESKTOP-696G7VD" failures="0" tests="1" name="testCases.TC_004_SearchProductTest" time="2.460" errors="0" timestamp="2024-09-08T21:24:26 IST" skipped="0">
  <testcase classname="testCases.TC_004_SearchProductTest" name="test_pruductSearch" time="2.460"/>
</testsuite> <!-- testCases.TC_004_SearchProductTest -->
