<?xml version="1.0" encoding="UTF-8"?>
<!-- Generated by org.testng.reporters.JUnitReportReporter -->
<testsuite hostname="DESKTOP-696G7VD" failures="0" tests="1" name="testCases.TC_005_AddToCartPageTest" time="2.889" errors="0" timestamp="2024-09-08T21:24:26 IST" skipped="0">
  <testcase classname="testCases.TC_005_AddToCartPageTest" name="test_addToCart" time="2.889"/>
</testsuite> <!-- testCases.TC_005_AddToCartPageTest -->
