<?xml version="1.0" encoding="UTF-8"?>
<!-- Generated by org.testng.reporters.JUnitReportReporter -->
<testsuite hostname="DESKTOP-696G7VD" failures="0" tests="1" name="testCases.TC_002_LoginTest" time="2.103" errors="0" timestamp="2024-01-13T15:50:52 IST" skipped="0">
  <testcase classname="testCases.TC_002_LoginTest" name="test_Login" time="2.103"/>
</testsuite> <!-- testCases.TC_002_LoginTest -->
