<?xml version="1.0" encoding="UTF-8"?>
<!-- Generated by org.testng.reporters.JUnitReportReporter -->
<testsuite hostname="DESKTOP-696G7VD" failures="0" tests="1" name="testCases.TC_001_AccountRegistrationTest" time="7.350" errors="0" timestamp="2024-09-19T08:46:20 IST" skipped="0">
  <testcase classname="testCases.TC_001_AccountRegistrationTest" name="test_account_Registration" time="7.350"/>
</testsuite> <!-- testCases.TC_001_AccountRegistrationTest -->
